PRT1
19
26
4 0 1 (192 1024 0 ) (448 1024 0 ) (448 1024 512 ) (192 1024 512 ) 
4 1 6 (448 0 512 ) (192 0 512 ) (192 0 0 ) (448 0 0 ) 
4 1 2 (192 448 0 ) (192 0 0 ) (192 0 512 ) (192 448 512 ) 
4 2 6 (192 0 512 ) (0 0 512 ) (0 0 0 ) (192 0 0 ) 
4 2 3 (0 0 0 ) (0 0 512 ) (0 448 512 ) (0 448 0 ) 
4 3 7 (0 0 0 ) (0 0 512 ) (-384 0 512 ) (-384 0 0 ) 
4 3 8 (-384 0 512 ) (-448 0 512 ) (-448 0 0 ) (-384 0 0 ) 
4 3 4 (-448 64 0 ) (-448 0 0 ) (-448 0 128 ) (-448 64 128 ) 
4 4 9 (-512 0 128 ) (-512 0 0 ) (-448 0 0 ) (-448 0 128 ) 
4 4 5 (-512 0 0 ) (-512 0 128 ) (-512 64 128 ) (-512 64 0 ) 
4 5 10 (-512 0 -64 ) (-512 0 256 ) (-1024 0 256 ) (-1024 0 -64 ) 
4 6 7 (0 0 512 ) (0 0 0 ) (0 -448 0 ) (0 -448 512 ) 
4 7 8 (-384 0 0 ) (-384 -448 0 ) (-384 -448 512 ) (-384 0 512 ) 
4 8 11 (-448 -512 160 ) (-448 -512 0 ) (-384 -512 0 ) (-384 -512 160 ) 
4 8 9 (-448 0 0 ) (-448 -64 0 ) (-448 -64 128 ) (-448 0 128 ) 
4 9 10 (-512 0 128 ) (-512 0 0 ) (-512 -64 0 ) (-512 -64 128 ) 
4 11 14 (-384 -608 0 ) (-384 -608 160 ) (-448 -608 160 ) (-448 -608 0 ) 
4 12 13 (-192 -960 160 ) (-192 -960 16 ) (0 -960 16 ) (0 -960 160 ) 
4 12 14 (-192 -608 0 ) (-192 -960 0 ) (-192 -960 160 ) (-192 -608 160 ) 
4 13 15 (0 -1024 16 ) (0 -1024 160 ) (-192 -1024 160 ) (-192 -1024 16 ) 
4 13 14 (-192 -1024 16 ) (-192 -1024 160 ) (-192 -960 160 ) (-192 -960 16 ) 
4 14 17 (-192 -1024 160 ) (-448 -1024 160 ) (-448 -1024 0 ) (-192 -1024 0 ) 
4 15 16 (-192 -1184 160 ) (-192 -1184 16 ) (0 -1184 16 ) (0 -1184 160 ) 
4 15 17 (-192 -1184 16 ) (-192 -1184 160 ) (-192 -1024 160 ) (-192 -1024 16 ) 
4 16 18 (-64 -1504 0 ) (0 -1504 0 ) (0 -1504 160 ) (-64 -1504 160 ) 
4 16 17 (-192 -1184 0 ) (-192 -1504 0 ) (-192 -1504 160 ) (-192 -1184 160 ) 
